
🔥 [UNKNOWN ERROR] - 2025-04-25T22:40:05.377Z
Code: ECONNREFUSED
Message: An unexpected error occurred. Please try again.
Stack Trace: AggregateError [ECONNREFUSED]: 
    at /Users/ruud/Documents/strength-app/server/node_modules/pg-pool/index.js:45:11
    at process.processTicksAndRejections (node:internal/process/task_queues:105:5)
    at async Object.getAllWorkouts (/Users/ruud/Documents/strength-app/server/src/handlers/workoutHandler.js:121:20)
    at async getAllWorkouts (/Users/ruud/Documents/strength-app/server/src/controllers/workoutController.js:5:20)

Request: GET /workout
IP: ::1
-----------------------------------------------------

🔥 [UNKNOWN ERROR] - 2025-04-25T22:40:06.389Z
Code: ECONNREFUSED
Message: An unexpected error occurred. Please try again.
Stack Trace: AggregateError [ECONNREFUSED]: 
    at /Users/ruud/Documents/strength-app/server/node_modules/pg-pool/index.js:45:11
    at process.processTicksAndRejections (node:internal/process/task_queues:105:5)
    at async Object.getAllWorkouts (/Users/ruud/Documents/strength-app/server/src/handlers/workoutHandler.js:121:20)
    at async getAllWorkouts (/Users/ruud/Documents/strength-app/server/src/controllers/workoutController.js:5:20)

Request: GET /workout
IP: ::1
-----------------------------------------------------

🔥 [UNKNOWN ERROR] - 2025-04-25T22:40:08.397Z
Code: ECONNREFUSED
Message: An unexpected error occurred. Please try again.
Stack Trace: AggregateError [ECONNREFUSED]: 
    at /Users/ruud/Documents/strength-app/server/node_modules/pg-pool/index.js:45:11
    at process.processTicksAndRejections (node:internal/process/task_queues:105:5)
    at async Object.getAllWorkouts (/Users/ruud/Documents/strength-app/server/src/handlers/workoutHandler.js:121:20)
    at async getAllWorkouts (/Users/ruud/Documents/strength-app/server/src/controllers/workoutController.js:5:20)

Request: GET /workout
IP: ::1
-----------------------------------------------------

🔥 [UNKNOWN ERROR] - 2025-04-25T22:40:12.410Z
Code: ECONNREFUSED
Message: An unexpected error occurred. Please try again.
Stack Trace: AggregateError [ECONNREFUSED]: 
    at /Users/ruud/Documents/strength-app/server/node_modules/pg-pool/index.js:45:11
    at process.processTicksAndRejections (node:internal/process/task_queues:105:5)
    at async Object.getAllWorkouts (/Users/ruud/Documents/strength-app/server/src/handlers/workoutHandler.js:121:20)
    at async getAllWorkouts (/Users/ruud/Documents/strength-app/server/src/controllers/workoutController.js:5:20)

Request: GET /workout
IP: ::1
-----------------------------------------------------
